Determining if the pthread_create exist failed with the following output:
Change Dir: /cal/homes/clandrin/igr202/BaseGL/build/CMakeFiles/CMakeTmp

Run Build Command:"/usr/bin/make" "cmTC_c7ffb/fast"
/usr/bin/make -f CMakeFiles/cmTC_c7ffb.dir/build.make CMakeFiles/cmTC_c7ffb.dir/build
make[1] : on entre dans le répertoire « /cal/homes/clandrin/igr202/BaseGL/build/CMakeFiles/CMakeTmp »
Building C object CMakeFiles/cmTC_c7ffb.dir/CheckSymbolExists.c.o
/usr/bin/cc     -o CMakeFiles/cmTC_c7ffb.dir/CheckSymbolExists.c.o   -c /cal/homes/clandrin/igr202/BaseGL/build/CMakeFiles/CMakeTmp/CheckSymbolExists.c
Linking C executable cmTC_c7ffb
/usr/bin/cmake -E cmake_link_script CMakeFiles/cmTC_c7ffb.dir/link.txt --verbose=1
/usr/bin/cc       CMakeFiles/cmTC_c7ffb.dir/CheckSymbolExists.c.o  -o cmTC_c7ffb -rdynamic 
CMakeFiles/cmTC_c7ffb.dir/CheckSymbolExists.c.o : Dans la fonction « main » :
CheckSymbolExists.c:(.text+0x1b) : référence indéfinie vers « pthread_create »
collect2: error: ld returned 1 exit status
CMakeFiles/cmTC_c7ffb.dir/build.make:97 : la recette pour la cible « cmTC_c7ffb » a échouée
make[1]: *** [cmTC_c7ffb] Erreur 1
make[1] : on quitte le répertoire « /cal/homes/clandrin/igr202/BaseGL/build/CMakeFiles/CMakeTmp »
Makefile:126 : la recette pour la cible « cmTC_c7ffb/fast » a échouée
make: *** [cmTC_c7ffb/fast] Erreur 2

File /cal/homes/clandrin/igr202/BaseGL/build/CMakeFiles/CMakeTmp/CheckSymbolExists.c:
/* */
#include <pthread.h>

int main(int argc, char** argv)
{
  (void)argv;
#ifndef pthread_create
  return ((int*)(&pthread_create))[argc];
#else
  (void)argc;
  return 0;
#endif
}

Determining if the function pthread_create exists in the pthreads failed with the following output:
Change Dir: /cal/homes/clandrin/igr202/BaseGL/build/CMakeFiles/CMakeTmp

Run Build Command:"/usr/bin/make" "cmTC_a3c6b/fast"
/usr/bin/make -f CMakeFiles/cmTC_a3c6b.dir/build.make CMakeFiles/cmTC_a3c6b.dir/build
make[1] : on entre dans le répertoire « /cal/homes/clandrin/igr202/BaseGL/build/CMakeFiles/CMakeTmp »
Building C object CMakeFiles/cmTC_a3c6b.dir/CheckFunctionExists.c.o
/usr/bin/cc    -DCHECK_FUNCTION_EXISTS=pthread_create   -o CMakeFiles/cmTC_a3c6b.dir/CheckFunctionExists.c.o   -c /usr/share/cmake-3.7/Modules/CheckFunctionExists.c
Linking C executable cmTC_a3c6b
/usr/bin/cmake -E cmake_link_script CMakeFiles/cmTC_a3c6b.dir/link.txt --verbose=1
/usr/bin/cc   -DCHECK_FUNCTION_EXISTS=pthread_create    CMakeFiles/cmTC_a3c6b.dir/CheckFunctionExists.c.o  -o cmTC_a3c6b -rdynamic -lpthreads 
/usr/bin/ld : ne peut trouver -lpthreads
collect2: error: ld returned 1 exit status
CMakeFiles/cmTC_a3c6b.dir/build.make:97 : la recette pour la cible « cmTC_a3c6b » a échouée
make[1]: *** [cmTC_a3c6b] Erreur 1
make[1] : on quitte le répertoire « /cal/homes/clandrin/igr202/BaseGL/build/CMakeFiles/CMakeTmp »
Makefile:126 : la recette pour la cible « cmTC_a3c6b/fast » a échouée
make: *** [cmTC_a3c6b/fast] Erreur 2


